<?xml version="1.0" encoding="UTF-8"?>
<!-- Generated by org.testng.reporters.JUnitReportReporter -->
<testsuite hostname="VaniSuresh" failures="0" tests="4" name="TestNG.TestNGSample" time="0.008" errors="0" timestamp="2025-06-06T10:07:44 IST" skipped="0">
  <testcase classname="TestNG.TestNGSample" name="Logout" time="0.004"/>
  <testcase classname="TestNG.TestNGSample" name="Login" time="0.002"/>
  <testcase classname="TestNG.TestNGSample" name="Search" time="0.001"/>
  <testcase classname="TestNG.TestNGSample" name="Advancedsearch" time="0.001"/>
</testsuite> <!-- TestNG.TestNGSample -->
